Name: Luisa Baldino
Student ID: 2328991
Date: 02/25/20

Number of lines: 5.00
Sum of lengths: 32.00
Mean of lengths: 6.40
Variance of lengths: 0.03
Standard deviation of lengths: 0.18
Probability of nuclotide A: 0.25
Probability of nuclotide T: 0.25
Probability of nuclotide C: 0.25
Probability of nuclotide G: 0.25
Probability of bigram AA: 0.03
Probability of bigram TT: 0.03
Probability of bigram CC: 0.03
Probability of bigram GG: 0.03
Probability of bigram AT: 0.06
Probability of bigram AC: 0.09
Probability of bigram AG: 0.06
Probability of bigram TA: 0.06
Probability of bigram TC: 0.06
Probability of bigram TG: 0.06
Probability of bigram CA: 0.06
Probability of bigram CT: 0.09
Probability of bigram CG: 0.06
Probability of bigram GA: 0.03
Probability of bigram GT: 0.03
Probability of bigram GC: 0.03
------------------------------------------
AATTCCGG
AATTCCGG
AATTCCGG
AATTCCGG
AATTCCGG
AATTCCGG
AATTCCGG
AATTCCGG
AATTCCGG
AATTCCGG
AATTCCGG
AATTCCGG
AATTCCGG
AATTCCGG
AATTCCGG
AATTCCGG
AATTCCGG
AATTCCGG
AATTCCGG
AATTCCGG
AATTCCGG
AATTCCGG
AATTCCGG
AATTCCGG
AATTCCGG
AATTCCGG
AATTCCGG
AATTCCGG
AATTCCGG
AATTCCGG
AATTCCGG
AATTCCGG
AATTCCGG
AATTCCGG
AATTCCGG
AATTCCGG
AATTCCGG
AATTCCGG
AATTCCGG
AATTCCGG
AATTCCGG
AATTCCGG
AATTCCGG
AATTCCGG
AATTCCGG
AATTCCGG
AATTCCGG
AATTCCGG
AATTCCGG
AATTCCGG
AATTCCGG
AATTCCGG
AATTCCGG
AATTCCGG
AATTCCGG
AATTCCGG
AATTCCGG
AATTCCGG
AATTCCGG
AATTCCGG
AATTCCGG
AATTCCGG
AATTCCGG
AATTCCGG
AATTCCGG
AATTCCGG
AATTCCGG
AATTCCGG
AATTCCGG
AATTCCGG
AATTCCGG
AATTCCGG
AATTCCGG
AATTCCGG
AATTCCGG
AATTCCGG
AATTCCGG
AATTCCGG
AATTCCGG
AATTCCGG
AATTCCGG
AATTCCGG
AATTCCGG
AATTCCGG
AATTCCGG
AATTCCGG
AATTCCGG
AATTCCGG
AATTCCGG
AATTCCGG
AATTCCGG
AATTCCGG
AATTCCGG
AATTCCGG
AATTCCGG
AATTCCGG
AATTCCGG
AATTCCGG
AATTCCGG
AATTCCGG
AATTCCGG
AATTCCGG
AATTCCGG
AATTCCGG
AATTCCGG
AATTCCGG
AATTCCGG
AATTCCGG
AATTCCGG
AATTCCGG
AATTCCGG
AATTCCGG
AATTCCGG
AATTCCGG
AATTCCGG
AATTCCGG
AATTCCGG
AATTCCGG
AATTCCGG
AATTCCGG
AATTCCGG
AATTCCGG
AATTCCGG
AATTCCGG
AATTCCGG
AATTCCGG
AATTCCGG
AATTCCGG
AATTCCGG
AATTCCGG
AATTCCGG
AATTCCGG
AATTCCGG
AATTCCGG
AATTCCGG
AATTCCGG
AATTCCGG
AATTCCGG
AATTCCGG
AATTCCGG
AATTCCGG
AATTCCGG
AATTCCGG
AATTCCGG
AATTCCGG
AATTCCGG
AATTCCGG
AATTCCGG
AATTCCGG
AATTCCGG
AATTCCGG
AATTCCGG
AATTCCGG
AATTCCGG
AATTCCGG
AATTCCGG
AATTCCGG
AATTCCGG
AATTCCGG
AATTCCGG
AATTCCGG
AATTCCGG
AATTCCGG
AATTCCGG
AATTCCGG
AATTCCGG
AATTCCGG
AATTCCGG
AATTCCGG
AATTCCGG
AATTCCGG
AATTCCGG
AATTCCGG
AATTCCGG
AATTCCGG
AATTCCGG
AATTCCGG
AATTCCGG
AATTCCGG
AATTCCGG
AATTCCGG
AATTCCGG
AATTCCGG
AATTCCGG
AATTCCGG
AATTCCGG
AATTCCGG
AATTCCGG
AATTCCGG
AATTCCGG
AATTCCGG
AATTCCGG
AATTCCGG
AATTCCGG
AATTCCGG
AATTCCGG
AATTCCGG
AATTCCGG
AATTCCGG
AATTCCGG
AATTCCGG
AATTCCGG
AATTCCGG
AATTCCGG
AATTCCGG
AATTCCGG
AATTCCGG
AATTCCGG
AATTCCGG
AATTCCGG
AATTCCGG
AATTCCGG
AATTCCGG
AATTCCGG
AATTCCGG
AATTCCGG
AATTCCGG
AATTCCGG
AATTCCGG
AATTCCGG
AATTCCGG
AATTCCGG
AATTCCGG
AATTCCGG
AATTCCGG
AATTCCGG
AATTCCGG
AATTCCGG
AATTCCGG
AATTCCGG
AATTCCGG
AATTCCGG
AATTCCGG
AATTCCGG
AATTCCGG
AATTCCGG
AATTCCGG
AATTCCGG
AATTCCGG
AATTCCGG
AATTCCGG
AATTCCGG
AATTCCGG
AATTCCGG
AATTCCGG
AATTCCGG
AATTCCGG
AATTCCGG
AATTCCGG
AATTCCGG
AATTCCGG
AATTCCGG
AATTCCGG
AATTCCGG
AATTCCGG
AATTCCGG
AATTCCGG
AATTCCGG
AATTCCGG
AATTCCGG
AATTCCGG
AATTCCGG
AATTCCGG
AATTCCGG
AATTCCGG
AATTCCGG
AATTCCGG
AATTCCGG
AATTCCGG
AATTCCGG
AATTCCGG
AATTCCGG
AATTCCGG
AATTCCGG
AATTCCGG
AATTCCGG
AATTCCGG
AATTCCGG
AATTCCGG
AATTCCGG
AATTCCGG
AATTCCGG
AATTCCGG
AATTCCGG
AATTCCGG
AATTCCGG
AATTCCGG
AATTCCGG
AATTCCGG
AATTCCGG
AATTCCGG
AATTCCGG
AATTCCGG
AATTCCGG
AATTCCGG
AATTCCGG
AATTCCGG
AATTCCGG
AATTCCGG
AATTCCGG
AATTCCGG
AATTCCGG
AATTCCGG
AATTCCGG
AATTCCGG
AATTCCGG
AATTCCGG
AATTCCGG
AATTCCGG
AATTCCGG
AATTCCGG
AATTCCGG
AATTCCGG
AATTCCGG
AATTCCGG
AATTCCGG
AATTCCGG
AATTCCGG
AATTCCGG
AATTCCGG
AATTCCGG
AATTCCGG
AATTCCGG
AATTCCGG
AATTCCGG
AATTCCGG
AATTCCGG
AATTCCGG
AATTCCGG
AATTCCGG
AATTCCGG
AATTCCGG
AATTCCGG
AATTCCGG
AATTCCGG
AATTCCGG
AATTCCGG
AATTCCGG
AATTCCGG
AATTCCGG
AATTCCGG
AATTCCGG
AATTCCGG
AATTCCGG
AATTCCGG
AATTCCGG
AATTCCGG
AATTCCGG
AATTCCGG
AATTCCGG
AATTCCGG
AATTCCGG
AATTCCGG
AATTCCGG
AATTCCGG
AATTCCGG
AATTCCGG
AATTCCGG
AATTCCGG
AATTCCGG
AATTCCGG
AATTCCGG
AATTCCGG
AATTCCGG
AATTCCGG
AATTCCGG
AATTCCGG
AATTCCGG
AATTCCGG
AATTCCGG
AATTCCGG
AATTCCGG
AATTCCGG
AATTCCGG
AATTCCGG
AATTCCGG
AATTCCGG
AATTCCGG
AATTCCGG
AATTCCGG
AATTCCGG
AATTCCGG
AATTCCGG
AATTCCGG
AATTCCGG
AATTCCGG
AATTCCGG
AATTCCGG
AATTCCGG
AATTCCGG
AATTCCGG
AATTCCGG
AATTCCGG
AATTCCGG
AATTCCGG
AATTCCGG
AATTCCGG
AATTCCGG
AATTCCGG
AATTCCGG
AATTCCGG
AATTCCGG
AATTCCGG
AATTCCGG
AATTCCGG
AATTCCGG
AATTCCGG
AATTCCGG
AATTCCGG
AATTCCGG
AATTCCGG
AATTCCGG
AATTCCGG
AATTCCGG
AATTCCGG
AATTCCGG
AATTCCGG
AATTCCGG
AATTCCGG
AATTCCGG
AATTCCGG
AATTCCGG
AATTCCGG
AATTCCGG
AATTCCGG
AATTCCGG
AATTCCGG
AATTCCGG
AATTCCGG
AATTCCGG
AATTCCGG
AATTCCGG
AATTCCGG
AATTCCGG
AATTCCGG
AATTCCGG
AATTCCGG
AATTCCGG
AATTCCGG
AATTCCGG
AATTCCGG
AATTCCGG
AATTCCGG
AATTCCGG
AATTCCGG
AATTCCGG
AATTCCGG
AATTCCGG
AATTCCGG
AATTCCGG
AATTCCGG
AATTCCGG
AATTCCGG
AATTCCGG
AATTCCGG
AATTCCGG
AATTCCGG
AATTCCGG
AATTCCGG
AATTCCGG
AATTCCGG
AATTCCGG
AATTCCGG
AATTCCGG
AATTCCGG
AATTCCGG
AATTCCGG
AATTCCGG
AATTCCGG
AATTCCGG
AATTCCGG
AATTCCGG
AATTCCGG
AATTCCGG
AATTCCGG
AATTCCGG
AATTCCGG
AATTCCGG
AATTCCGG
AATTCCGG
AATTCCGG
AATTCCGG
AATTCCGG
AATTCCGG
AATTCCGG
AATTCCGG
AATTCCGG
AATTCCGG
AATTCCGG
AATTCCGG
AATTCCGG
AATTCCGG
AATTCCGG
AATTCCGG
AATTCCGG
AATTCCGG
AATTCCGG
AATTCCGG
AATTCCGG
AATTCCGG
AATTCCGG
AATTCCGG
AATTCCGG
AATTCCGG
AATTCCGG
AATTCCGG
AATTCCGG
AATTCCGG
AATTCCGG
AATTCCGG
AATTCCGG
AATTCCGG
AATTCCGG
AATTCCGG
AATTCCGG
AATTCCGG
AATTCCGG
AATTCCGG
AATTCCGG
AATTCCGG
AATTCCGG
AATTCCGG
AATTCCGG
AATTCCGG
AATTCCGG
AATTCCGG
AATTCCGG
AATTCCGG
AATTCCGG
AATTCCGG
AATTCCGG
AATTCCGG
AATTCCGG
AATTCCGG
AATTCCGG
AATTCCGG
AATTCCGG
AATTCCGG
AATTCCGG
AATTCCGG
AATTCCGG
AATTCCGG
AATTCCGG
AATTCCGG
AATTCCGG
AATTCCGG
AATTCCGG
AATTCCGG
AATTCCGG
AATTCCGG
AATTCCGG
AATTCCGG
AATTCCGG
AATTCCGG
AATTCCGG
AATTCCGG
AATTCCGG
AATTCCGG
AATTCCGG
AATTCCGG
AATTCCGG
AATTCCGG
AATTCCGG
AATTCCGG
AATTCCGG
AATTCCGG
AATTCCGG
AATTCCGG
AATTCCGG
AATTCCGG
AATTCCGG
AATTCCGG
AATTCCGG
AATTCCGG
AATTCCGG
AATTCCGG
AATTCCGG
AATTCCGG
AATTCCGG
AATTCCGG
AATTCCGG
AATTCCGG
AATTCCGG
AATTCCGG
AATTCCGG
AATTCCGG
AATTCCGG
AATTCCGG
AATTCCGG
AATTCCGG
AATTCCGG
AATTCCGG
AATTCCGG
AATTCCGG
AATTCCGG
AATTCCGG
AATTCCGG
AATTCCGG
AATTCCGG
AATTCCGG
AATTCCGG
AATTCCGG
AATTCCGG
AATTCCGG
AATTCCGG
AATTCCGG
AATTCCGG
AATTCCGG
AATTCCGG
AATTCCGG
AATTCCGG
AATTCCGG
AATTCCGG
AATTCCGG
AATTCCGG
AATTCCGG
AATTCCGG
AATTCCGG
AATTCCGG
AATTCCGG
AATTCCGG
AATTCCGG
AATTCCGG
AATTCCGG
AATTCCGG
AATTCCGG
AATTCCGG
AATTCCGG
AATTCCGG
AATTCCGG
AATTCCGG
AATTCCGG
AATTCCGG
AATTCCGG
AATTCCGG
AATTCCGG
AATTCCGG
AATTCCGG
AATTCCGG
AATTCCGG
AATTCCGG
AATTCCGG
AATTCCGG
AATTCCGG
AATTCCGG
AATTCCGG
AATTCCGG
AATTCCGG
AATTCCGG
AATTCCGG
AATTCCGG
AATTCCGG
AATTCCGG
AATTCCGG
AATTCCGG
AATTCCGG
AATTCCGG
AATTCCGG
AATTCCGG
AATTCCGG
AATTCCGG
AATTCCGG
AATTCCGG
AATTCCGG
AATTCCGG
AATTCCGG
AATTCCGG
AATTCCGG
AATTCCGG
AATTCCGG
AATTCCGG
AATTCCGG
AATTCCGG
AATTCCGG
AATTCCGG
AATTCCGG
AATTCCGG
AATTCCGG
AATTCCGG
AATTCCGG
AATTCCGG
AATTCCGG
AATTCCGG
AATTCCGG
AATTCCGG
AATTCCGG
AATTCCGG
AATTCCGG
AATTCCGG
AATTCCGG
AATTCCGG
AATTCCGG
AATTCCGG
AATTCCGG
AATTCCGG
AATTCCGG
AATTCCGG
AATTCCGG
AATTCCGG
AATTCCGG
AATTCCGG
AATTCCGG
AATTCCGG
AATTCCGG
AATTCCGG
AATTCCGG
AATTCCGG
AATTCCGG
AATTCCGG
AATTCCGG
AATTCCGG
AATTCCGG
AATTCCGG
AATTCCGG
AATTCCGG
AATTCCGG
AATTCCGG
AATTCCGG
AATTCCGG
AATTCCGG
AATTCCGG
AATTCCGG
AATTCCGG
AATTCCGG
AATTCCGG
AATTCCGG
AATTCCGG
AATTCCGG
AATTCCGG
AATTCCGG
AATTCCGG
AATTCCGG
AATTCCGG
AATTCCGG
AATTCCGG
AATTCCGG
AATTCCGG
AATTCCGG
AATTCCGG
AATTCCGG
AATTCCGG
AATTCCGG
AATTCCGG
AATTCCGG
AATTCCGG
AATTCCGG
AATTCCGG
AATTCCGG
AATTCCGG
AATTCCGG
AATTCCGG
AATTCCGG
AATTCCGG
AATTCCGG
AATTCCGG
AATTCCGG
AATTCCGG
AATTCCGG
AATTCCGG
AATTCCGG
AATTCCGG
AATTCCGG
AATTCCGG
AATTCCGG
AATTCCGG
AATTCCGG
AATTCCGG
AATTCCGG
AATTCCGG
AATTCCGG
AATTCCGG
AATTCCGG
AATTCCGG
AATTCCGG
AATTCCGG
AATTCCGG
AATTCCGG
AATTCCGG
AATTCCGG
AATTCCGG
AATTCCGG
AATTCCGG
AATTCCGG
AATTCCGG
AATTCCGG
AATTCCGG
AATTCCGG
AATTCCGG
AATTCCGG
AATTCCGG
AATTCCGG
AATTCCGG
AATTCCGG
AATTCCGG
AATTCCGG
AATTCCGG
AATTCCGG
AATTCCGG
AATTCCGG
AATTCCGG
AATTCCGG
AATTCCGG
AATTCCGG
AATTCCGG
AATTCCGG
AATTCCGG
AATTCCGG
AATTCCGG
AATTCCGG
AATTCCGG
AATTCCGG
AATTCCGG
AATTCCGG
AATTCCGG
AATTCCGG
AATTCCGG
AATTCCGG
AATTCCGG
AATTCCGG
AATTCCGG
AATTCCGG
AATTCCGG
AATTCCGG
AATTCCGG
AATTCCGG
AATTCCGG
AATTCCGG
AATTCCGG
AATTCCGG
AATTCCGG
AATTCCGG
AATTCCGG
AATTCCGG
AATTCCGG
AATTCCGG
AATTCCGG
AATTCCGG
AATTCCGG
AATTCCGG
AATTCCGG
AATTCCGG
AATTCCGG
AATTCCGG
AATTCCGG
AATTCCGG
AATTCCGG
AATTCCGG
AATTCCGG
AATTCCGG
AATTCCGG
AATTCCGG
AATTCCGG
AATTCCGG
AATTCCGG
AATTCCGG
AATTCCGG
AATTCCGG
AATTCCGG
AATTCCGG
AATTCCGG
AATTCCGG
AATTCCGG
AATTCCGG
AATTCCGG
AATTCCGG
AATTCCGG
AATTCCGG
AATTCCGG
AATTCCGG
AATTCCGG
AATTCCGG
AATTCCGG
AATTCCGG
AATTCCGG
AATTCCGG
AATTCCGG
AATTCCGG
AATTCCGG
AATTCCGG
AATTCCGG
AATTCCGG
AATTCCGG
AATTCCGG
AATTCCGG
AATTCCGG
AATTCCGG
AATTCCGG
AATTCCGG
AATTCCGG
AATTCCGG
AATTCCGG
AATTCCGG
AATTCCGG
AATTCCGG
AATTCCGG
AATTCCGG
AATTCCGG
AATTCCGG
AATTCCGG
AATTCCGG
AATTCCGG
AATTCCGG
AATTCCGG
AATTCCGG
AATTCCGG
AATTCCGG
AATTCCGG
AATTCCGG
AATTCCGG
AATTCCGG
AATTCCGG
AATTCCGG
AATTCCGG
AATTCCGG
AATTCCGG
AATTCCGG
AATTCCGG
AATTCCGG
AATTCCGG
AATTCCGG
AATTCCGG
AATTCCGG
AATTCCGG
AATTCCGG
AATTCCGG
AATTCCGG
AATTCCGG
AATTCCGG
AATTCCGG
AATTCCGG
AATTCCGG
AATTCCGG
AATTCCGG
AATTCCGG
AATTCCGG
AATTCCGG
AATTCCGG
AATTCCGG
AATTCCGG
AATTCCGG
AATTCCGG
AATTCCGG
AATTCCGG
AATTCCGG
AATTCCGG
AATTCCGG
AATTCCGG
AATTCCGG
AATTCCGG
AATTCCGG
AATTCCGG
AATTCCGG
AATTCCGG
AATTCCGG
AATTCCGG
AATTCCGG
AATTCCGG
AATTCCGG
AATTCCGG
AATTCCGG
AATTCCGG
AATTCCGG
AATTCCGG
AATTCCGG
AATTCCGG
AATTCCGG
AATTCCGG
AATTCCGG
AATTCCGG
AATTCCGG
AATTCCGG
AATTCCGG
AATTCCGG
AATTCCGG
AATTCCGG
AATTCCGG
AATTCCGG
AATTCCGG
AATTCCGG
AATTCCGG
AATTCCGG
AATTCCGG
AATTCCGG
AATTCCGG
AATTCCGG
AATTCCGG
AATTCCGG
AATTCCGG
AATTCCGG
AATTCCGG
AATTCCGG
AATTCCGG
AATTCCGG
AATTCCGG
AATTCCGG
AATTCCGG
AATTCCGG
AATTCCGG
AATTCCGG
AATTCCGG
